  GameWorld.cpp
D:\STU\大一\1\数据结构\CS101A25F_PROJ1 (1)\proj1\src\GameWorld\GameWorld.cpp(1,1): warning C4819: 该文件包含不能在当前代码页(936)中表示的字符。请将该文件保存为 Unicode 格式以防止数据丢失
D:\STU\大一\1\数据结构\CS101A25F_PROJ1 (1)\proj1\include\pvz\GameWorld\GameWorld.hpp(1,1): warning C4819: 该文件包含不能在当前代码页(936)中表示的字符。请将该文件保存为 Unicode 格式以防止数据丢失
  (编译源文件“../../../src/GameWorld/GameWorld.cpp”)
  
D:\STU\大一\1\数据结构\CS101A25F_PROJ1 (1)\proj1\include\pvz\Containers\SList.hpp(1,1): warning C4819: 该文件包含不能在当前代码页(936)中表示的字符。请将该文件保存为 Unicode 格式以防止数据丢失
  (编译源文件“../../../src/GameWorld/GameWorld.cpp”)
  
D:\STU\大一\1\数据结构\CS101A25F_PROJ1 (1)\proj1\include\pvz\utils.hpp(1,1): warning C4819: 该文件包含不能在当前代码页(936)中表示的字符。请将该文件保存为 Unicode 格式以防止数据丢失
  (编译源文件“../../../src/GameWorld/GameWorld.cpp”)
  
D:\STU\大一\1\数据结构\CS101A25F_PROJ1 (1)\proj1\include\pvz\GameObject\GameObject.hpp(1,1): warning C4819: 该文件包含不能在当前代码页(936)中表示的字符。请将该文件保存为 Unicode 格式以防止数据丢失
  (编译源文件“../../../src/GameWorld/GameWorld.cpp”)
  
D:\STU\大一\1\数据结构\CS101A25F_PROJ1 (1)\proj1\include\pvz\otherobjectshpp\Explosion.hpp(1,1): warning C4819: 该文件包含不能在当前代码页(936)中表示的字符。请将该文件保存为 Unicode 格式以防止数据丢失
  (编译源文件“../../../src/GameWorld/GameWorld.cpp”)
  
D:\STU\大一\1\数据结构\CS101A25F_PROJ1 (1)\proj1\include\pvz\otherobjectshpp\Projectile.hpp(1,1): warning C4819: 该文件包含不能在当前代码页(936)中表示的字符。请将该文件保存为 Unicode 格式以防止数据丢失
  (编译源文件“../../../src/GameWorld/GameWorld.cpp”)
  
D:\STU\大一\1\数据结构\CS101A25F_PROJ1 (1)\proj1\include\pvz\otherobjectshpp\Pea.hpp(1,1): warning C4819: 该文件包含不能在当前代码页(936)中表示的字符。请将该文件保存为 Unicode 格式以防止数据丢失
  (编译源文件“../../../src/GameWorld/GameWorld.cpp”)
  
D:\STU\大一\1\数据结构\CS101A25F_PROJ1 (1)\proj1\include\pvz\otherobjectshpp\Sun.hpp(1,1): warning C4819: 该文件包含不能在当前代码页(936)中表示的字符。请将该文件保存为 Unicode 格式以防止数据丢失
  (编译源文件“../../../src/GameWorld/GameWorld.cpp”)
  
D:\STU\大一\1\数据结构\CS101A25F_PROJ1 (1)\proj1\include\pvz\otherobjectshpp\Zombie.hpp(1,1): warning C4819: 该文件包含不能在当前代码页(936)中表示的字符。请将该文件保存为 Unicode 格式以防止数据丢失
  (编译源文件“../../../src/GameWorld/GameWorld.cpp”)
  
D:\STU\大一\1\数据结构\CS101A25F_PROJ1 (1)\proj1\include\pvz\otherobjectshpp\Seed.hpp(1,1): warning C4819: 该文件包含不能在当前代码页(936)中表示的字符。请将该文件保存为 Unicode 格式以防止数据丢失
  (编译源文件“../../../src/GameWorld/GameWorld.cpp”)
  
D:\STU\大一\1\数据结构\CS101A25F_PROJ1 (1)\proj1\include\pvz\otherobjectshpp\CooldownMask.hpp(1,1): warning C4819: 该文件包含不能在当前代码页(936)中表示的字符。请将该文件保存为 Unicode 格式以防止数据丢失
  (编译源文件“../../../src/GameWorld/GameWorld.cpp”)
  
D:\STU\大一\1\数据结构\CS101A25F_PROJ1 (1)\proj1\include\pvz\otherobjectshpp\Shovel.hpp(1,1): warning C4819: 该文件包含不能在当前代码页(936)中表示的字符。请将该文件保存为 Unicode 格式以防止数据丢失
  (编译源文件“../../../src/GameWorld/GameWorld.cpp”)
  
  GameWorld.vcxproj -> D:\STU\大一\1\数据结构\CS101A25F_PROJ1 (1)\proj1\build\lib\Debug\GameWorld.lib
