tpeamglfoa inserted at 10
wetagpahvs inserted at 11
gaephicikr inserted at 12
gdglfkiswu inserted at 0
qnkwohqzxx inserted at 3
qnkwohqzxx already exists at 3
tfgmpmgfqk inserted at 5
btzknscafm inserted at 6
nzzeaavxta inserted at 13
wetagpahvs already exists at 11
gmybyzdabb does not exist
btzknscafm erased at 6
qnkwohqzxx found at 3
tfgmpmgfqk found at 5
ccgevxealz inserted at 14
nzzeaavxta already exists at 13
qnkwohqzxx erased at 3
gaephicikr erased at 12, moving ccgevxealz from 14
gdglfkiswu erased at 0
gaephicikr inserted at 14
