  GameObject.cpp
D:\STU\大一\1\数据结构\CS101A25F_PROJ1 (1)\proj1\src\GameObject\GameObject.cpp(1,1): warning C4819: 该文件包含不能在当前代码页(936)中表示的字符。请将该文件保存为 Unicode 格式以防止数据丢失
D:\STU\大一\1\数据结构\CS101A25F_PROJ1 (1)\proj1\include\pvz\GameObject\GameObject.hpp(1,1): warning C4819: 该文件包含不能在当前代码页(936)中表示的字符。请将该文件保存为 Unicode 格式以防止数据丢失
  (编译源文件“../../../src/GameObject/GameObject.cpp”)
  
D:\STU\大一\1\数据结构\CS101A25F_PROJ1 (1)\proj1\include\pvz\utils.hpp(1,1): warning C4819: 该文件包含不能在当前代码页(936)中表示的字符。请将该文件保存为 Unicode 格式以防止数据丢失
  (编译源文件“../../../src/GameObject/GameObject.cpp”)
  
D:\STU\大一\1\数据结构\CS101A25F_PROJ1 (1)\proj1\include\pvz\GameWorld\GameWorld.hpp(1,1): warning C4819: 该文件包含不能在当前代码页(936)中表示的字符。请将该文件保存为 Unicode 格式以防止数据丢失
  (编译源文件“../../../src/GameObject/GameObject.cpp”)
  
D:\STU\大一\1\数据结构\CS101A25F_PROJ1 (1)\proj1\include\pvz\Containers\SList.hpp(1,1): warning C4819: 该文件包含不能在当前代码页(936)中表示的字符。请将该文件保存为 Unicode 格式以防止数据丢失
  (编译源文件“../../../src/GameObject/GameObject.cpp”)
  
D:\STU\大一\1\数据结构\CS101A25F_PROJ1 (1)\proj1\include\pvz\otherobjectshpp\CooldownMask.hpp(1,1): warning C4819: 该文件包含不能在当前代码页(936)中表示的字符。请将该文件保存为 Unicode 格式以防止数据丢失
  (编译源文件“../../../src/GameObject/GameObject.cpp”)
  
D:\STU\大一\1\数据结构\CS101A25F_PROJ1 (1)\proj1\include\pvz\otherobjectshpp\Seed.hpp(1,1): warning C4819: 该文件包含不能在当前代码页(936)中表示的字符。请将该文件保存为 Unicode 格式以防止数据丢失
  (编译源文件“../../../src/GameObject/GameObject.cpp”)
  
  Plant.cpp
D:\STU\大一\1\数据结构\CS101A25F_PROJ1 (1)\proj1\src\GameObject\otherobjectscpp\Plant.cpp(1,1): warning C4819: 该文件包含不能在当前代码页(936)中表示的字符。请将该文件保存为 Unicode 格式以防止数据丢失
D:\STU\大一\1\数据结构\CS101A25F_PROJ1 (1)\proj1\include\pvz\GameObject\GameObject.hpp(1,1): warning C4819: 该文件包含不能在当前代码页(936)中表示的字符。请将该文件保存为 Unicode 格式以防止数据丢失
  (编译源文件“../../../src/GameObject/otherobjectscpp/Plant.cpp”)
  
D:\STU\大一\1\数据结构\CS101A25F_PROJ1 (1)\proj1\include\pvz\utils.hpp(1,1): warning C4819: 该文件包含不能在当前代码页(936)中表示的字符。请将该文件保存为 Unicode 格式以防止数据丢失
  (编译源文件“../../../src/GameObject/otherobjectscpp/Plant.cpp”)
  
D:\STU\大一\1\数据结构\CS101A25F_PROJ1 (1)\proj1\include\pvz\GameWorld\GameWorld.hpp(1,1): warning C4819: 该文件包含不能在当前代码页(936)中表示的字符。请将该文件保存为 Unicode 格式以防止数据丢失
  (编译源文件“../../../src/GameObject/otherobjectscpp/Plant.cpp”)
  
D:\STU\大一\1\数据结构\CS101A25F_PROJ1 (1)\proj1\include\pvz\Containers\SList.hpp(1,1): warning C4819: 该文件包含不能在当前代码页(936)中表示的字符。请将该文件保存为 Unicode 格式以防止数据丢失
  (编译源文件“../../../src/GameObject/otherobjectscpp/Plant.cpp”)
  
  Plants.cpp
D:\STU\大一\1\数据结构\CS101A25F_PROJ1 (1)\proj1\include\pvz\GameObject\GameObject.hpp(1,1): warning C4819: 该文件包含不能在当前代码页(936)中表示的字符。请将该文件保存为 Unicode 格式以防止数据丢失
  (编译源文件“../../../src/GameObject/otherobjectscpp/Plants.cpp”)
  
D:\STU\大一\1\数据结构\CS101A25F_PROJ1 (1)\proj1\include\pvz\utils.hpp(1,1): warning C4819: 该文件包含不能在当前代码页(936)中表示的字符。请将该文件保存为 Unicode 格式以防止数据丢失
  (编译源文件“../../../src/GameObject/otherobjectscpp/Plants.cpp”)
  
D:\STU\大一\1\数据结构\CS101A25F_PROJ1 (1)\proj1\include\pvz\GameWorld\GameWorld.hpp(1,1): warning C4819: 该文件包含不能在当前代码页(936)中表示的字符。请将该文件保存为 Unicode 格式以防止数据丢失
  (编译源文件“../../../src/GameObject/otherobjectscpp/Plants.cpp”)
  
D:\STU\大一\1\数据结构\CS101A25F_PROJ1 (1)\proj1\include\pvz\Containers\SList.hpp(1,1): warning C4819: 该文件包含不能在当前代码页(936)中表示的字符。请将该文件保存为 Unicode 格式以防止数据丢失
  (编译源文件“../../../src/GameObject/otherobjectscpp/Plants.cpp”)
  
D:\STU\大一\1\数据结构\CS101A25F_PROJ1 (1)\proj1\include\pvz\otherobjectshpp\Explosion.hpp(1,1): warning C4819: 该文件包含不能在当前代码页(936)中表示的字符。请将该文件保存为 Unicode 格式以防止数据丢失
  (编译源文件“../../../src/GameObject/otherobjectscpp/Plants.cpp”)
  
D:\STU\大一\1\数据结构\CS101A25F_PROJ1 (1)\proj1\include\pvz\otherobjectshpp\Projectile.hpp(1,1): warning C4819: 该文件包含不能在当前代码页(936)中表示的字符。请将该文件保存为 Unicode 格式以防止数据丢失
  (编译源文件“../../../src/GameObject/otherobjectscpp/Plants.cpp”)
  
D:\STU\大一\1\数据结构\CS101A25F_PROJ1 (1)\proj1\include\pvz\otherobjectshpp\Pea.hpp(1,1): warning C4819: 该文件包含不能在当前代码页(936)中表示的字符。请将该文件保存为 Unicode 格式以防止数据丢失
  (编译源文件“../../../src/GameObject/otherobjectscpp/Plants.cpp”)
  
D:\STU\大一\1\数据结构\CS101A25F_PROJ1 (1)\proj1\include\pvz\otherobjectshpp\Sun.hpp(1,1): warning C4819: 该文件包含不能在当前代码页(936)中表示的字符。请将该文件保存为 Unicode 格式以防止数据丢失
  (编译源文件“../../../src/GameObject/otherobjectscpp/Plants.cpp”)
  
  Seed.cpp
D:\STU\大一\1\数据结构\CS101A25F_PROJ1 (1)\proj1\src\GameObject\otherobjectscpp\Seed.cpp(1,1): warning C4819: 该文件包含不能在当前代码页(936)中表示的字符。请将该文件保存为 Unicode 格式以防止数据丢失
D:\STU\大一\1\数据结构\CS101A25F_PROJ1 (1)\proj1\include\pvz\otherobjectshpp\Seed.hpp(1,1): warning C4819: 该文件包含不能在当前代码页(936)中表示的字符。请将该文件保存为 Unicode 格式以防止数据丢失
  (编译源文件“../../../src/GameObject/otherobjectscpp/Seed.cpp”)
  
D:\STU\大一\1\数据结构\CS101A25F_PROJ1 (1)\proj1\include\pvz\GameObject\GameObject.hpp(1,1): warning C4819: 该文件包含不能在当前代码页(936)中表示的字符。请将该文件保存为 Unicode 格式以防止数据丢失
  (编译源文件“../../../src/GameObject/otherobjectscpp/Seed.cpp”)
  
D:\STU\大一\1\数据结构\CS101A25F_PROJ1 (1)\proj1\include\pvz\utils.hpp(1,1): warning C4819: 该文件包含不能在当前代码页(936)中表示的字符。请将该文件保存为 Unicode 格式以防止数据丢失
  (编译源文件“../../../src/GameObject/otherobjectscpp/Seed.cpp”)
  
D:\STU\大一\1\数据结构\CS101A25F_PROJ1 (1)\proj1\include\pvz\GameWorld\GameWorld.hpp(1,1): warning C4819: 该文件包含不能在当前代码页(936)中表示的字符。请将该文件保存为 Unicode 格式以防止数据丢失
  (编译源文件“../../../src/GameObject/otherobjectscpp/Seed.cpp”)
  
D:\STU\大一\1\数据结构\CS101A25F_PROJ1 (1)\proj1\include\pvz\Containers\SList.hpp(1,1): warning C4819: 该文件包含不能在当前代码页(936)中表示的字符。请将该文件保存为 Unicode 格式以防止数据丢失
  (编译源文件“../../../src/GameObject/otherobjectscpp/Seed.cpp”)
  
D:\STU\大一\1\数据结构\CS101A25F_PROJ1 (1)\proj1\include\pvz\otherobjectshpp\CooldownMask.hpp(1,1): warning C4819: 该文件包含不能在当前代码页(936)中表示的字符。请将该文件保存为 Unicode 格式以防止数据丢失
  (编译源文件“../../../src/GameObject/otherobjectscpp/Seed.cpp”)
  
D:\STU\大一\1\数据结构\CS101A25F_PROJ1 (1)\proj1\include\pvz\otherobjectshpp\Shovel.hpp(1,1): warning C4819: 该文件包含不能在当前代码页(936)中表示的字符。请将该文件保存为 Unicode 格式以防止数据丢失
  (编译源文件“../../../src/GameObject/otherobjectscpp/Seed.cpp”)
  
  Seeds.cpp
D:\STU\大一\1\数据结构\CS101A25F_PROJ1 (1)\proj1\include\pvz\otherobjectshpp\Seed.hpp(1,1): warning C4819: 该文件包含不能在当前代码页(936)中表示的字符。请将该文件保存为 Unicode 格式以防止数据丢失
  (编译源文件“../../../src/GameObject/otherobjectscpp/Seeds.cpp”)
  
D:\STU\大一\1\数据结构\CS101A25F_PROJ1 (1)\proj1\include\pvz\GameObject\GameObject.hpp(1,1): warning C4819: 该文件包含不能在当前代码页(936)中表示的字符。请将该文件保存为 Unicode 格式以防止数据丢失
  (编译源文件“../../../src/GameObject/otherobjectscpp/Seeds.cpp”)
  
D:\STU\大一\1\数据结构\CS101A25F_PROJ1 (1)\proj1\include\pvz\utils.hpp(1,1): warning C4819: 该文件包含不能在当前代码页(936)中表示的字符。请将该文件保存为 Unicode 格式以防止数据丢失
  (编译源文件“../../../src/GameObject/otherobjectscpp/Seeds.cpp”)
  
D:\STU\大一\1\数据结构\CS101A25F_PROJ1 (1)\proj1\include\pvz\GameWorld\GameWorld.hpp(1,1): warning C4819: 该文件包含不能在当前代码页(936)中表示的字符。请将该文件保存为 Unicode 格式以防止数据丢失
  (编译源文件“../../../src/GameObject/otherobjectscpp/Seeds.cpp”)
  
D:\STU\大一\1\数据结构\CS101A25F_PROJ1 (1)\proj1\include\pvz\Containers\SList.hpp(1,1): warning C4819: 该文件包含不能在当前代码页(936)中表示的字符。请将该文件保存为 Unicode 格式以防止数据丢失
  (编译源文件“../../../src/GameObject/otherobjectscpp/Seeds.cpp”)
  
  Shovel.cpp
D:\STU\大一\1\数据结构\CS101A25F_PROJ1 (1)\proj1\src\GameObject\otherobjectscpp\Shovel.cpp(1,1): warning C4819: 该文件包含不能在当前代码页(936)中表示的字符。请将该文件保存为 Unicode 格式以防止数据丢失
D:\STU\大一\1\数据结构\CS101A25F_PROJ1 (1)\proj1\include\pvz\otherobjectshpp\Shovel.hpp(1,1): warning C4819: 该文件包含不能在当前代码页(936)中表示的字符。请将该文件保存为 Unicode 格式以防止数据丢失
  (编译源文件“../../../src/GameObject/otherobjectscpp/Shovel.cpp”)
  
D:\STU\大一\1\数据结构\CS101A25F_PROJ1 (1)\proj1\include\pvz\GameObject\GameObject.hpp(1,1): warning C4819: 该文件包含不能在当前代码页(936)中表示的字符。请将该文件保存为 Unicode 格式以防止数据丢失
  (编译源文件“../../../src/GameObject/otherobjectscpp/Shovel.cpp”)
  
D:\STU\大一\1\数据结构\CS101A25F_PROJ1 (1)\proj1\include\pvz\utils.hpp(1,1): warning C4819: 该文件包含不能在当前代码页(936)中表示的字符。请将该文件保存为 Unicode 格式以防止数据丢失
  (编译源文件“../../../src/GameObject/otherobjectscpp/Shovel.cpp”)
  
D:\STU\大一\1\数据结构\CS101A25F_PROJ1 (1)\proj1\include\pvz\GameWorld\GameWorld.hpp(1,1): warning C4819: 该文件包含不能在当前代码页(936)中表示的字符。请将该文件保存为 Unicode 格式以防止数据丢失
  (编译源文件“../../../src/GameObject/otherobjectscpp/Shovel.cpp”)
  
D:\STU\大一\1\数据结构\CS101A25F_PROJ1 (1)\proj1\include\pvz\Containers\SList.hpp(1,1): warning C4819: 该文件包含不能在当前代码页(936)中表示的字符。请将该文件保存为 Unicode 格式以防止数据丢失
  (编译源文件“../../../src/GameObject/otherobjectscpp/Shovel.cpp”)
  
  Sun.cpp
D:\STU\大一\1\数据结构\CS101A25F_PROJ1 (1)\proj1\src\GameObject\otherobjectscpp\Sun.cpp(1,1): warning C4819: 该文件包含不能在当前代码页(936)中表示的字符。请将该文件保存为 Unicode 格式以防止数据丢失
D:\STU\大一\1\数据结构\CS101A25F_PROJ1 (1)\proj1\include\pvz\otherobjectshpp\Sun.hpp(1,1): warning C4819: 该文件包含不能在当前代码页(936)中表示的字符。请将该文件保存为 Unicode 格式以防止数据丢失
  (编译源文件“../../../src/GameObject/otherobjectscpp/Sun.cpp”)
  
D:\STU\大一\1\数据结构\CS101A25F_PROJ1 (1)\proj1\include\pvz\GameObject\GameObject.hpp(1,1): warning C4819: 该文件包含不能在当前代码页(936)中表示的字符。请将该文件保存为 Unicode 格式以防止数据丢失
  (编译源文件“../../../src/GameObject/otherobjectscpp/Sun.cpp”)
  
D:\STU\大一\1\数据结构\CS101A25F_PROJ1 (1)\proj1\include\pvz\utils.hpp(1,1): warning C4819: 该文件包含不能在当前代码页(936)中表示的字符。请将该文件保存为 Unicode 格式以防止数据丢失
  (编译源文件“../../../src/GameObject/otherobjectscpp/Sun.cpp”)
  
D:\STU\大一\1\数据结构\CS101A25F_PROJ1 (1)\proj1\include\pvz\GameWorld\GameWorld.hpp(1,1): warning C4819: 该文件包含不能在当前代码页(936)中表示的字符。请将该文件保存为 Unicode 格式以防止数据丢失
  (编译源文件“../../../src/GameObject/otherobjectscpp/Sun.cpp”)
  
D:\STU\大一\1\数据结构\CS101A25F_PROJ1 (1)\proj1\include\pvz\Containers\SList.hpp(1,1): warning C4819: 该文件包含不能在当前代码页(936)中表示的字符。请将该文件保存为 Unicode 格式以防止数据丢失
  (编译源文件“../../../src/GameObject/otherobjectscpp/Sun.cpp”)
  
  Zombie.cpp
D:\STU\大一\1\数据结构\CS101A25F_PROJ1 (1)\proj1\src\GameObject\otherobjectscpp\Zombie.cpp(1,1): warning C4819: 该文件包含不能在当前代码页(936)中表示的字符。请将该文件保存为 Unicode 格式以防止数据丢失
D:\STU\大一\1\数据结构\CS101A25F_PROJ1 (1)\proj1\include\pvz\otherobjectshpp\Zombie.hpp(1,1): warning C4819: 该文件包含不能在当前代码页(936)中表示的字符。请将该文件保存为 Unicode 格式以防止数据丢失
  (编译源文件“../../../src/GameObject/otherobjectscpp/Zombie.cpp”)
  
D:\STU\大一\1\数据结构\CS101A25F_PROJ1 (1)\proj1\include\pvz\GameObject\GameObject.hpp(1,1): warning C4819: 该文件包含不能在当前代码页(936)中表示的字符。请将该文件保存为 Unicode 格式以防止数据丢失
  (编译源文件“../../../src/GameObject/otherobjectscpp/Zombie.cpp”)
  
D:\STU\大一\1\数据结构\CS101A25F_PROJ1 (1)\proj1\include\pvz\utils.hpp(1,1): warning C4819: 该文件包含不能在当前代码页(936)中表示的字符。请将该文件保存为 Unicode 格式以防止数据丢失
  (编译源文件“../../../src/GameObject/otherobjectscpp/Zombie.cpp”)
  
D:\STU\大一\1\数据结构\CS101A25F_PROJ1 (1)\proj1\include\pvz\GameWorld\GameWorld.hpp(1,1): warning C4819: 该文件包含不能在当前代码页(936)中表示的字符。请将该文件保存为 Unicode 格式以防止数据丢失
  (编译源文件“../../../src/GameObject/otherobjectscpp/Zombie.cpp”)
  
D:\STU\大一\1\数据结构\CS101A25F_PROJ1 (1)\proj1\include\pvz\Containers\SList.hpp(1,1): warning C4819: 该文件包含不能在当前代码页(936)中表示的字符。请将该文件保存为 Unicode 格式以防止数据丢失
  (编译源文件“../../../src/GameObject/otherobjectscpp/Zombie.cpp”)
  
  Zombies.cpp
D:\STU\大一\1\数据结构\CS101A25F_PROJ1 (1)\proj1\include\pvz\otherobjectshpp\Zombie.hpp(1,1): warning C4819: 该文件包含不能在当前代码页(936)中表示的字符。请将该文件保存为 Unicode 格式以防止数据丢失
  (编译源文件“../../../src/GameObject/otherobjectscpp/Zombies.cpp”)
  
D:\STU\大一\1\数据结构\CS101A25F_PROJ1 (1)\proj1\include\pvz\GameObject\GameObject.hpp(1,1): warning C4819: 该文件包含不能在当前代码页(936)中表示的字符。请将该文件保存为 Unicode 格式以防止数据丢失
  (编译源文件“../../../src/GameObject/otherobjectscpp/Zombies.cpp”)
  
D:\STU\大一\1\数据结构\CS101A25F_PROJ1 (1)\proj1\include\pvz\utils.hpp(1,1): warning C4819: 该文件包含不能在当前代码页(936)中表示的字符。请将该文件保存为 Unicode 格式以防止数据丢失
  (编译源文件“../../../src/GameObject/otherobjectscpp/Zombies.cpp”)
  
D:\STU\大一\1\数据结构\CS101A25F_PROJ1 (1)\proj1\include\pvz\GameWorld\GameWorld.hpp(1,1): warning C4819: 该文件包含不能在当前代码页(936)中表示的字符。请将该文件保存为 Unicode 格式以防止数据丢失
  (编译源文件“../../../src/GameObject/otherobjectscpp/Zombies.cpp”)
  
D:\STU\大一\1\数据结构\CS101A25F_PROJ1 (1)\proj1\include\pvz\Containers\SList.hpp(1,1): warning C4819: 该文件包含不能在当前代码页(936)中表示的字符。请将该文件保存为 Unicode 格式以防止数据丢失
  (编译源文件“../../../src/GameObject/otherobjectscpp/Zombies.cpp”)
  
  正在生成代码...
  GameObject.vcxproj -> D:\STU\大一\1\数据结构\CS101A25F_PROJ1 (1)\proj1\build\lib\Debug\GameObject.lib
